<?xml version="1.0" encoding="UTF-8"?>
<testsuite name="PrimeSifterTest" tests="1" skipped="0" failures="0" errors="0" timestamp="2017-05-31T17:04:10" hostname="Byrons-MacBook-Pro.local" time="0.002">
  <properties/>
  <testcase name="runSift_countToOne_ArrayList" classname="PrimeSifterTest" time="0.002"/>
  <system-out><![CDATA[]]></system-out>
  <system-err><![CDATA[]]></system-err>
</testsuite>
