<?xml version="1.0" encoding="UTF-8"?>
<testsuite name="PrimeSifterTest" tests="2" skipped="0" failures="0" errors="0" timestamp="2017-05-31T17:10:55" hostname="Byrons-MacBook-Pro.local" time="0.003">
  <properties/>
  <testcase name="runSift_countTo2_ArrayList" classname="PrimeSifterTest" time="0.002"/>
  <testcase name="runSift_countToOne_ArrayList" classname="PrimeSifterTest" time="0.0"/>
  <system-out><![CDATA[]]></system-out>
  <system-err><![CDATA[]]></system-err>
</testsuite>
